2022-05-26 14:29:59,104 — DfCleaner — DEBUG — Loaded successfully!
2022-05-26 14:29:59,108 — DfOutlier — DEBUG — Loaded successfully!
2022-05-26 14:29:59,113 — DfOverview — DEBUG — Loaded successfully!
2022-05-26 15:15:36,161 — DfHelper — ERROR — model not found
Traceback (most recent call last):
  File "/home/ermi/Desktop/10Academy/week3/scripts/file_handler.py", line 56, in read_model
    model = pickle.load(open(name, "rb"))
FileNotFoundError: [Errno 2] No such file or directory: '../models/LGBMRegressor-sales-2021-08-01-19:57.pkl'
2022-05-26 15:29:55,777 — DfHelper — ERROR — model not found
Traceback (most recent call last):
  File "/home/ermi/Desktop/10Academy/week3/scripts/file_handler.py", line 56, in read_model
    model = pickle.load(open(name, "rb"))
FileNotFoundError: [Errno 2] No such file or directory: '../models/LGBMRegressor-sales-2021-08-01-19:57.pkl'
2022-05-26 15:30:12,637 — DfHelper — ERROR — model not found
Traceback (most recent call last):
  File "/home/ermi/Desktop/10Academy/week3/scripts/file_handler.py", line 56, in read_model
    model = pickle.load(open(name, "rb"))
FileNotFoundError: [Errno 2] No such file or directory: '../models/LGBMRegressor-sales-2021-08-01-19:57.pkl'
2022-05-26 15:44:36,849 — DfHelper — ERROR — model not found
Traceback (most recent call last):
  File "/home/ermi/Desktop/10Academy/week3/scripts/file_handler.py", line 56, in read_model
    model = pickle.load(open(name, "rb"))
FileNotFoundError: [Errno 2] No such file or directory: '../models/LGBMRegressor-sales-2021-08-01-19:57.pkl'
2022-05-26 15:55:21,939 — DfHelper — DEBUG — model read as pkl
2022-05-26 16:12:00,521 — DfHelper — ERROR — model not found
Traceback (most recent call last):
  File "/home/ermi/Desktop/10Academy/week3/scripts/file_handler.py", line 56, in read_model
    model = pickle.load(open(name, "rb"))
FileNotFoundError: [Errno 2] No such file or directory: '../models/RandomForestRegressor-sales-2021-08-01-20:17.pkl'
2022-05-26 17:49:09,207 — DfHelper — DEBUG — model read as pkl
2022-05-26 17:49:14,926 — DfHelper — DEBUG — model read as pkl
2022-05-26 17:55:25,111 — DfHelper — DEBUG — model read as pkl
2022-05-26 19:12:36,278 — DfHelper — DEBUG — model read as pkl
2022-05-26 19:20:15,102 — DfHelper — DEBUG — model read as pkl
2022-05-26 19:20:41,282 — DfHelper — DEBUG — model read as pkl
2022-05-26 22:45:35,406 — DfHelper — DEBUG — file read as csv
2022-05-26 22:48:32,049 — DfHelper — DEBUG — file read as csv
2022-05-26 22:49:16,980 — DfHelper — DEBUG — file read as csv
2022-05-26 22:52:15,389 — DfHelper — DEBUG — file read as csv
